<?xml version="1.0" encoding="UTF-8"?>
<!-- Generated by org.testng.reporters.JUnitXMLReporter -->
<testsuite hostname="Riyaz" ignored="1" name="Test" tests="2" failures="0" timestamp="27 Oct 2020 11:49:53 GMT" time="0.264" errors="0">
  <testcase name="SecondMethod" time="0.07" classname="com.qa.AddingMethodsToXmlFile.AddingMethodsTotestNGFile"/>
  <testcase name="ThirdMethod" time="0.014" classname="com.qa.AddingMethodsToXmlFile.AddingMethodsTotestNGFile"/>
  <testcase name="FirstMethod" time="0.0" classname="com.qa.AddingMethodsToXmlFile.AddingMethodsTotestNGFile">
    <ignored/>
  </testcase> <!-- FirstMethod -->
</testsuite> <!-- Test -->
