<?xml version="1.0" encoding="UTF-8"?>
<testng-results skipped="0" failed="0" ignored="0" total="1" passed="1">
  <reporter-output>
  </reporter-output>
  <suite name="Default suite" duration-ms="13376" started-at="2021-01-14T20:42:30 IST" finished-at="2021-01-14T20:42:43 IST">
    <groups>
    </groups>
    <test name="Default test" duration-ms="13376" started-at="2021-01-14T20:42:30 IST" finished-at="2021-01-14T20:42:43 IST">
      <class name="com.qa.pdfUtil.ReadPdfText">
        <test-method status="PASS" signature="readPdf()[pri:0, instance:com.qa.pdfUtil.ReadPdfText@130f889]" name="readPdf" duration-ms="13157" started-at="2021-01-14T20:42:30 IST" finished-at="2021-01-14T20:42:43 IST">
          <reporter-output>
          </reporter-output>
        </test-method> <!-- readPdf -->
      </class> <!-- com.qa.pdfUtil.ReadPdfText -->
    </test> <!-- Default test -->
  </suite> <!-- Default suite -->
</testng-results>
